<?xml version="1.0" encoding="UTF-8"?>
<testsuite name="PowerFinderTest" tests="4" skipped="0" failures="0" errors="0" timestamp="2024-05-05T16:29:22" hostname="DESKTOP-T8BDIA2" time="0.023">
  <properties/>
  <testcase name="testOneRaisedToOneIsOne" classname="PowerFinderTest" time="0.016"/>
  <testcase name="testTwoRaisedToTwoIsFour" classname="PowerFinderTest" time="0.001"/>
  <testcase name="testTwoRaisedToOneIsTwo" classname="PowerFinderTest" time="0.0"/>
  <testcase name="testPowerOfTwoAndThreeIsNine" classname="PowerFinderTest" time="0.001"/>
  <system-out><![CDATA[]]></system-out>
  <system-err><![CDATA[]]></system-err>
</testsuite>
